<?xml version="1.0" encoding="UTF-8"?>
<testng-results ignored="0" total="1" passed="1" failed="0" skipped="0">
  <reporter-output>
  </reporter-output>
  <suite started-at="2022-08-15T16:48:55 IST" name="Default suite" finished-at="2022-08-15T16:49:00 IST" duration-ms="5548">
    <groups>
    </groups>
    <test started-at="2022-08-15T16:48:55 IST" name="Default test" finished-at="2022-08-15T16:49:00 IST" duration-ms="5548">
      <class name="examples.UtubeExamples">
        <test-method signature="formRegister()[pri:0, instance:examples.UtubeExamples@6631f5ca]" started-at="2022-08-15T16:48:55 IST" name="formRegister" finished-at="2022-08-15T16:49:00 IST" duration-ms="5509" status="PASS">
          <reporter-output>
          </reporter-output>
        </test-method> <!-- formRegister -->
      </class> <!-- examples.UtubeExamples -->
    </test> <!-- Default test -->
  </suite> <!-- Default suite -->
</testng-results>
