<?xml version="1.0" encoding="UTF-8"?>
<!-- Generated by org.testng.reporters.JUnitXMLReporter -->
<testsuite ignored="7" hostname="LAPTOP-A3VH180C" failures="0" tests="5" name="Test" time="0.067" errors="0" timestamp="2022-07-28T20:47:12 IST">
  <testcase classname="examples.Reg3Test" name="x" time="0.013"/>
  <testcase classname="examples.Reg02Test" name="d" time="0.015"/>
  <testcase classname="examples.Reg02Test" name="a" time="0.016"/>
  <testcase classname="examples.Reg01Test" name="e" time="0.017"/>
  <testcase classname="examples.Reg3Test" name="y" time="0.016"/>
  <testcase classname="examples.Reg3Test" name="z" time="0.0">
    <ignored/>
  </testcase> <!-- z -->
  <testcase classname="examples.Reg01Test" name="b" time="0.0">
    <ignored/>
  </testcase> <!-- b -->
  <testcase classname="examples.Reg02Test" name="c" time="0.0">
    <ignored/>
  </testcase> <!-- c -->
  <testcase classname="examples.Reg02Test" name="b" time="0.0">
    <ignored/>
  </testcase> <!-- b -->
  <testcase classname="examples.Reg01Test" name="a" time="0.0">
    <ignored/>
  </testcase> <!-- a -->
  <testcase classname="examples.Reg01Test" name="c" time="0.0">
    <ignored/>
  </testcase> <!-- c -->
  <testcase classname="examples.Reg01Test" name="d" time="0.0">
    <ignored/>
  </testcase> <!-- d -->
</testsuite> <!-- Test -->
